// 重构日志: cdf6be16
// 同步 ID: d6be0caf @ Sun Jul  5 19:16:36 UTC 2026
// 同步 ID: 37caebdc @ Tue Jul  7 11:36:17 UTC 2026
// 同步 ID: e37bef01 @ Wed Jul  8 09:20:05 UTC 2026
// 重构日志: 512eca74
// 重构日志: 0bceb61f
// 重构日志: 792e4542
// 重构日志: c9bab710
// 重构日志: 9ebd8e5e
// 重构日志: 6e772b03
// 重构日志: d45e9f6e
// 重构日志: acb30da3
// 同步 ID: 00fb20dd @ Sat Jul 18 06:40:21 UTC 2026
// 同步 ID: ba07b5e7 @ Sat Jul 18 15:50:51 UTC 2026
// 重构日志: 2ee49e98
// 重构日志: 0077f48f
// 重构日志: 8c7c937f
// 重构日志: 93f70a00
// 同步 ID: 0c093d61 @ Sun Jul 19 16:40:37 UTC 2026
// 同步 ID: 69049048 @ Mon Jul 20 04:14:12 UTC 2026
// 重构日志: 5caa67ed
// 同步 ID: 2c4d5ece @ Tue Jul 21 10:22:32 UTC 2026
// 重构日志: dfe8f67f
// 重构日志: 99c1da80
// 重构日志: 9074936e
// 重构日志: 6a8a45f3
// 重构日志: 529f8daa
// 同步 ID: b427a224 @ Thu Jul 23 13:34:02 UTC 2026
// 同步 ID: 4fb6d9c1 @ Thu Jul 23 15:30:59 UTC 2026
// 同步 ID: efe52ea7 @ Fri Jul 24 04:33:54 UTC 2026
